<?xml version="1.0" encoding="UTF-8"?>
<!-- Generated by org.testng.reporters.JUnitXMLReporter -->
<testsuite ignored="6" hostname="SubhanPC" failures="0" tests="1" name="Default test" time="34.556" errors="0" timestamp="2024-07-26T17:20:59 IST">
  <testcase classname="Native_App.Api_demos" name="switchapp" time="21.169"/>
  <testcase classname="Native_App.Api_demos" name="scroll" time="0.0">
    <ignored/>
  </testcase> <!-- scroll -->
  <testcase classname="Native_App.Api_demos" name="drag_and_drop" time="0.0">
    <ignored/>
  </testcase> <!-- drag_and_drop -->
  <testcase classname="Native_App.Api_demos" name="opennotifications" time="0.0">
    <ignored/>
  </testcase> <!-- opennotifications -->
  <testcase classname="Native_App.Api_demos" name="preferencesettings" time="0.0">
    <ignored/>
  </testcase> <!-- preferencesettings -->
  <testcase classname="Native_App.Api_demos" name="typeswipe" time="0.0">
    <ignored/>
  </testcase> <!-- typeswipe -->
  <testcase classname="Native_App.Api_demos" name="Longpress" time="0.0">
    <ignored/>
  </testcase> <!-- Longpress -->
</testsuite> <!-- Default test -->
