<?xml version="1.0" encoding="UTF-8"?>
<testng-results ignored="6" total="7" passed="1" failed="0" skipped="0">
  <reporter-output>
  </reporter-output>
  <suite started-at="2024-07-26T17:20:25 IST" name="Default suite" finished-at="2024-07-26T17:20:59 IST" duration-ms="34556">
    <groups>
    </groups>
    <test started-at="2024-07-26T17:20:25 IST" name="Default test" finished-at="2024-07-26T17:20:59 IST" duration-ms="34556">
      <class name="Native_App.Api_demos">
        <test-method is-config="true" signature="setup()[pri:0, instance:Native_App.Api_demos@21282ed8]" started-at="2024-07-26T17:20:25 IST" name="setup" finished-at="2024-07-26T17:20:38 IST" duration-ms="13304" status="PASS">
          <reporter-output>
          </reporter-output>
        </test-method> <!-- setup -->
        <test-method signature="switchapp()[pri:0, instance:Native_App.Api_demos@21282ed8]" started-at="2024-07-26T17:20:38 IST" name="switchapp" finished-at="2024-07-26T17:20:59 IST" duration-ms="21169" status="PASS">
          <reporter-output>
          </reporter-output>
        </test-method> <!-- switchapp -->
      </class> <!-- Native_App.Api_demos -->
    </test> <!-- Default test -->
  </suite> <!-- Default suite -->
</testng-results>
